[debug] [2022-04-27T12:45:10.002Z] : 
[debug] [2022-04-27T12:45:10.003Z] : ----------------------------------------------------------------------
[debug] [2022-04-27T12:45:10.003Z] : Command:      /usr/bin/node /usr/bin/catalyst serve
[debug] [2022-04-27T12:45:10.003Z] : CLI Version:  1.12.1
[debug] [2022-04-27T12:45:10.004Z] : Platform:     linux
[debug] [2022-04-27T12:45:10.004Z] : Node Version: v16.14.2
[debug] [2022-04-27T12:45:10.005Z] : Time:         Wed Apr 27 2022 18:15:10 GMT+0530 (India Standard Time)
[debug] [2022-04-27T12:45:10.005Z] : ----------------------------------------------------------------------
[debug] [2022-04-27T12:45:10.005Z] : 
[debug] [2022-04-27T12:45:10.413Z] : > authorizing via signed-in user option
[debug] [2022-04-27T12:45:10.413Z] : > command requires scopes: ["ZohoCatalyst.projects.ALL","ZohoCatalyst.functions.ALL","ZohoCatalyst.functions.EXECUTE","ZohoCatalyst.webapp.ALL"]
[debug] [2022-04-27T12:45:10.423Z] : >>>> HTTP REQUEST : GET https://api.catalyst.zoho.in/baas/v1/project/772000000018085 

[debug] [2022-04-27T12:45:10.617Z] : <<<< HTTP RESPONSE : 200
Response Headers: {"server":"ZGS","date":"Wed, 27 Apr 2022 12:45:41 GMT","content-type":"application/vnd.catalyst.v2+json","transfer-encoding":"chunked","connection":"close","set-cookie":["3a750b85f1=99131cfabfda186b4fe68a16fb8fedd6; Path=/","ZD_CSRF_TOKEN=763e453d-096c-47b6-a4e0-7f7ea929a0d2;path=/;SameSite=None;Secure;priority=high","_zcsr_tmp=763e453d-096c-47b6-a4e0-7f7ea929a0d2;path=/;SameSite=Strict;Secure;priority=high"],"x-content-type-options":"nosniff","x-xss-protection":"1","pragma":"no-cache","cache-control":"private,no-cache,no-store,max-age=0,must-revalidate","expires":"Thu, 01 Jan 1970 00:00:00 GMT","x-frame-options":"DENY","strict-transport-security":"max-age=63072000"}

[debug] [2022-04-27T12:45:10.626Z] : >>>> HTTP REQUEST : GET https://api.catalyst.zoho.in/baas/v1/project/772000000018085/environment 

[debug] [2022-04-27T12:45:10.883Z] : <<<< HTTP RESPONSE : 200
Response Headers: {"server":"ZGS","date":"Wed, 27 Apr 2022 12:45:41 GMT","content-type":"application/vnd.catalyst.v2+json","transfer-encoding":"chunked","connection":"close","set-cookie":["3a750b85f1=99131cfabfda186b4fe68a16fb8fedd6; Path=/","ZD_CSRF_TOKEN=79590ffb-bd07-4fd9-9c4d-bc0087620ed4;path=/;SameSite=None;Secure;priority=high","_zcsr_tmp=79590ffb-bd07-4fd9-9c4d-bc0087620ed4;path=/;SameSite=Strict;Secure;priority=high"],"x-content-type-options":"nosniff","x-xss-protection":"1","pragma":"no-cache","cache-control":"private,no-cache,no-store,max-age=0,must-revalidate","expires":"Thu, 01 Jan 1970 00:00:00 GMT","x-frame-options":"DENY","strict-transport-security":"max-age=63072000"}

[debug] [2022-04-27T12:45:10.969Z] : >>>> HTTP REQUEST : GET https://api.catalyst.zoho.in/baas/v1/project/772000000018085/function 
Query params: {"type":"basicio,event,cron,applogic,integration"}

[debug] [2022-04-27T12:45:11.189Z] : <<<< HTTP RESPONSE : 200
Response Headers: {"server":"ZGS","date":"Wed, 27 Apr 2022 12:45:42 GMT","content-type":"application/vnd.catalyst.v2+json","transfer-encoding":"chunked","connection":"close","set-cookie":["3a750b85f1=7c58023b2365c117e2ff9b6feb09efa2; Path=/","ZD_CSRF_TOKEN=98cf28c0-3f18-4e72-8fde-651bd415dfad;path=/;SameSite=None;Secure;priority=high","_zcsr_tmp=98cf28c0-3f18-4e72-8fde-651bd415dfad;path=/;SameSite=Strict;Secure;priority=high"],"x-content-type-options":"nosniff","x-xss-protection":"1","pragma":"no-cache","cache-control":"private,no-cache,no-store,max-age=0,must-revalidate","expires":"Thu, 01 Jan 1970 00:00:00 GMT","x-frame-options":"DENY","strict-transport-security":"max-age=63072000"}

[debug] [2022-04-27T12:45:11.192Z] : unknown eol undefined hence skipping check
[debug] [2022-04-27T12:45:11.192Z] : unknown eol undefined hence skipping check
[info] [2022-04-27T12:45:11.357Z] : Compiling /home/bosco/ZCatalyst/Shop/Shop/functions/ShopAIO/ShopAIO.java
[warn] [2022-04-27T12:45:12.022Z] : ⚠ skipping serve of function [Actions] since invalid function type. Only basicio,advancedio are supported.
[info] [2022-04-27T12:45:12.626Z] : ℹ server[ShopAIO]: URL : http://localhost:3000/server/ShopAIO/
[info] [2022-04-27T12:45:12.627Z] : 
[info] [2022-04-27T12:45:12.730Z] : ℹ client[ShpApp]: URL : http://localhost:3000/app/
[info] [2022-04-27T12:45:16.290Z] : Shutting down server
[debug] [2022-04-27T12:45:16.291Z] : client server closed
[info] [2022-04-27T12:45:16.299Z] : 
